================================================================================
Dynamic AI Log Session
Started: 2026-05-20 08:40:25.379
================================================================================

[2026-05-20 08:40:25.379] [INFO   ] ============================================================
[2026-05-20 08:40:25.379] [INFO   ] Logging system initialized
[2026-05-20 08:40:25.379] [INFO   ] Log directory: /home/aaf/Software/Dev/gtr2_dyn_ai/logs
[2026-05-20 08:40:25.379] [INFO   ] Current log file: /home/aaf/Software/Dev/gtr2_dyn_ai/logs/dyn_ai_20260520_084025_378.log
[2026-05-20 08:40:25.379] [INFO   ] ============================================================
[2026-05-20 08:40:25.379] [INFO   ] ============================================================
[2026-05-20 08:40:25.379] [INFO   ] Dynamic AI Starting
[2026-05-20 08:40:25.379] [INFO   ] ============================================================
[2026-05-20 08:40:25.379] [INFO   ] [CONFIG] Loading config from: /home/aaf/Software/Dev/gtr2_dyn_ai/cfg.yml
[2026-05-20 08:40:25.380] [INFO   ] [CONFIG] Loaded config with base_path: 
[2026-05-20 08:40:25.380] [INFO   ] [CONFIG] Loading config from: /home/aaf/Software/Dev/gtr2_dyn_ai/cfg.yml
[2026-05-20 08:40:25.385] [INFO   ] [CONFIG] Loaded config with base_path: 
[2026-05-20 08:40:25.385] [INFO   ] [CONFIG] Database path: ai_data.db
[2026-05-20 08:40:25.385] [INFO   ] Log file: /home/aaf/Software/Dev/gtr2_dyn_ai/logs/dyn_ai_20260520_084025_378.log
[2026-05-20 08:40:25.686] [INFO   ] [CONFIG] Loading config from: /home/aaf/Software/Dev/gtr2_dyn_ai/cfg.yml
[2026-05-20 08:40:25.687] [INFO   ] [CONFIG] Loaded config with base_path: 
[2026-05-20 08:40:25.688] [INFO   ] [CONFIG] Loading config from: /home/aaf/Software/Dev/gtr2_dyn_ai/cfg.yml
[2026-05-20 08:40:25.688] [INFO   ] [CONFIG] Loaded config with base_path: 
[2026-05-20 08:40:25.690] [INFO   ] [CONFIG] Loading config from: /home/aaf/Software/Dev/gtr2_dyn_ai/cfg.yml
[2026-05-20 08:40:25.691] [INFO   ] [CONFIG] Loaded config with base_path: 
[2026-05-20 08:40:25.692] [WARNING] [CONFIG] No valid base path in config
[2026-05-20 08:40:46.925] [INFO   ] [CONFIG] Loading config from: /home/aaf/Software/Dev/gtr2_dyn_ai/cfg.yml
[2026-05-20 08:40:46.926] [INFO   ] [CONFIG] Loaded config with base_path: test_mocks
[2026-05-20 08:40:46.927] [INFO   ] [CONFIG] Loading config from: /home/aaf/Software/Dev/gtr2_dyn_ai/cfg.yml
[2026-05-20 08:40:46.927] [INFO   ] [CONFIG] Loaded config with base_path: test_mocks
[2026-05-20 08:40:46.928] [INFO   ] [CONFIG] Loading config from: /home/aaf/Software/Dev/gtr2_dyn_ai/cfg.yml
[2026-05-20 08:40:46.929] [INFO   ] [CONFIG] Loaded config with base_path: test_mocks
[2026-05-20 08:40:46.929] [INFO   ] [CONFIG] Base path from config: test_mocks
[2026-05-20 08:40:48.085] [INFO   ] [CONFIG] Loading config from: /home/aaf/Software/Dev/gtr2_dyn_ai/cfg.yml
[2026-05-20 08:40:48.086] [INFO   ] [CONFIG] Loaded config with base_path: test_mocks
[2026-05-20 08:40:48.086] [INFO   ] [CONFIG] Loading config from: /home/aaf/Software/Dev/gtr2_dyn_ai/cfg.yml
[2026-05-20 08:40:48.087] [INFO   ] [CONFIG] Loaded config with base_path: test_mocks
[2026-05-20 08:40:48.087] [INFO   ] [CONFIG] Database path: ai_data.db
[2026-05-20 08:40:48.087] [INFO   ] [CONFIG] Loading config from: /home/aaf/Software/Dev/gtr2_dyn_ai/cfg.yml
[2026-05-20 08:40:48.088] [INFO   ] [CONFIG] Loaded config with base_path: test_mocks
[2026-05-20 08:40:48.088] [INFO   ] MainWindowTk initialized
[2026-05-20 08:40:48.090] [INFO   ] [CONFIG] Loading config from: /home/aaf/Software/Dev/gtr2_dyn_ai/cfg.yml
[2026-05-20 08:40:48.090] [INFO   ] [CONFIG] Loaded config with base_path: test_mocks
[2026-05-20 08:40:48.162] [INFO   ] UI setup complete
[2026-05-20 08:40:48.162] [INFO   ] [CONFIG] Loading config from: /home/aaf/Software/Dev/gtr2_dyn_ai/cfg.yml
[2026-05-20 08:40:48.163] [INFO   ] [CONFIG] Loaded config with base_path: test_mocks
[2026-05-20 08:40:48.164] [INFO   ] [CONFIG] Loading config from: /home/aaf/Software/Dev/gtr2_dyn_ai/cfg.yml
[2026-05-20 08:40:48.164] [INFO   ] [CONFIG] Loaded config with base_path: test_mocks
[2026-05-20 08:40:48.164] [INFO   ] [CONFIG] Base path from config: test_mocks
[2026-05-20 08:40:48.164] [INFO   ] [CONFIG] Loading config from: /home/aaf/Software/Dev/gtr2_dyn_ai/cfg.yml
[2026-05-20 08:40:48.165] [INFO   ] [CONFIG] Loaded config with base_path: test_mocks
[2026-05-20 08:40:48.165] [INFO   ] [CONFIG] Base path from config: test_mocks
[2026-05-20 08:40:48.165] [INFO   ] [CONFIG] Results file path: test_mocks/UserData/Log/Results/raceresults.txt
[2026-05-20 08:40:48.165] [INFO   ] [CONFIG] Loading config from: /home/aaf/Software/Dev/gtr2_dyn_ai/cfg.yml
[2026-05-20 08:40:48.165] [INFO   ] [CONFIG] Loaded config with base_path: test_mocks
[2026-05-20 08:40:48.165] [INFO   ] [CONFIG] Base path from config: test_mocks
[2026-05-20 08:40:48.166] [INFO   ] [CONFIG] Loading config from: /home/aaf/Software/Dev/gtr2_dyn_ai/cfg.yml
[2026-05-20 08:40:48.166] [INFO   ] [CONFIG] Loaded config with base_path: test_mocks
[2026-05-20 08:40:48.166] [INFO   ] [MAIN] Starting daemon with callback, watching: test_mocks/UserData/Log/Results/raceresults.txt
[2026-05-20 08:40:48.166] [INFO   ] [EXTRACTOR] Initialized with base_path: test_mocks
[2026-05-20 08:40:48.166] [INFO   ] [MONITOR] Initialized: watching test_mocks/UserData/Log/Results/raceresults.txt
[2026-05-20 08:40:48.166] [WARNING] [MONITOR] File does not exist yet: test_mocks/UserData/Log/Results/raceresults.txt
[2026-05-20 08:40:48.166] [INFO   ] [MONITOR] Started monitoring: test_mocks/UserData/Log/Results/raceresults.txt
[2026-05-20 08:40:54.889] [INFO   ] [MONITOR] Stopped monitoring
